{"name": "test_homepage_ui_elements", "status": "broken", "statusDetails": {"message": "selenium.common.exceptions.TimeoutException: Message: \nStacktrace:\n\tGetHandleVerifier [0x00007FF7FA10B5D2+29090]\n\t(No symbol) [0x00007FF7FA07E689]\n\t(No symbol) [0x00007FF7F9F3B1CA]\n\t(No symbol) [0x00007FF7F9F8EFD7]\n\t(No symbol) [0x00007FF7F9F8F22C]\n\t(No symbol) [0x00007FF7F9FD97F7]\n\t(No symbol) [0x00007FF7F9FB672F]\n\t(No symbol) [0x00007FF7F9FD65D9]\n\t(No symbol) [0x00007FF7F9FB6493]\n\t(No symbol) [0x00007FF7F9F809B1]\n\t(No symbol) [0x00007FF7F9F81B11]\n\tGetHandleVerifier [0x00007FF7FA428C5D+3295277]\n\tGetHandleVerifier [0x00007FF7FA474843+3605523]\n\tGetHandleVerifier [0x00007FF7FA46A707+3564247]\n\tGetHandleVerifier [0x00007FF7FA1C6EB6+797318]\n\t(No symbol) [0x00007FF7FA08980F]\n\t(No symbol) [0x00007FF7FA0853F4]\n\t(No symbol) [0x00007FF7FA085580]\n\t(No symbol) [0x00007FF7FA074A1F]\n\tBaseThreadInitThunk [0x00007FFAA1D3257D+29]\n\tRtlUserThreadStart [0x00007FFAA2F8AF28+40]", "trace": "self = <test_ui.TestUI object at 0x000001B84FA20680>\n\n    @pytest.mark.usefixtures(\"setup\")\n    def test_homepage_ui_elements(self):\n        self.driver.get(\"https://www.saucedemo.com/inventory.html\")\n    \n        # Wait for the product to be clickable and then click it\n>       WebDriverWait(self.driver, 10).until(\n            EC.element_to_be_clickable((By.CLASS_NAME, \"inventory_item_name\"))\n        ).click()\n\ntests\\test_ui.py:18: \n_ _ _ _ _ _ _ _ _ _ _ _ _ _ _ _ _ _ _ _ _ _ _ _ _ _ _ _ _ _ _ _ _ _ _ _ _ _ _ _ _ _ _ _ _ _ _ _ _ _ _ _ _ _ _ _ _ _ _ _ _ _ _ _ _ _ _ _ _ _ _ _ _ _ _ _ _ _ _\n\nself = <selenium.webdriver.support.wait.WebDriverWait (session=\"e4ad1030cccfb90b48acacb55eaabf6c\")>\nmethod = <function element_to_be_clickable.<locals>._predicate at 0x000001B84FA45620>, message = ''\n\n    def until(self, method: Callable[[D], Union[Literal[False], T]], message: str = \"\") -> T:\n        \"\"\"Calls the method provided with the driver as an argument until the \\\n        return value does not evaluate to ``False``.\n    \n        :param method: callable(WebDriver)\n        :param message: optional message for :exc:`TimeoutException`\n        :returns: the result of the last call to `method`\n        :raises: :exc:`selenium.common.exceptions.TimeoutException` if timeout occurs\n        \"\"\"\n        screen = None\n        stacktrace = None\n    \n        end_time = time.monotonic() + self._timeout\n        while True:\n            try:\n                value = method(self._driver)\n                if value:\n                    return value\n            except self._ignored_exceptions as exc:\n                screen = getattr(exc, \"screen\", None)\n                stacktrace = getattr(exc, \"stacktrace\", None)\n            time.sleep(self._poll)\n            if time.monotonic() > end_time:\n                break\n>       raise TimeoutException(message, screen, stacktrace)\nE       selenium.common.exceptions.TimeoutException: Message: \nE       Stacktrace:\nE       \tGetHandleVerifier [0x00007FF7FA10B5D2+29090]\nE       \t(No symbol) [0x00007FF7FA07E689]\nE       \t(No symbol) [0x00007FF7F9F3B1CA]\nE       \t(No symbol) [0x00007FF7F9F8EFD7]\nE       \t(No symbol) [0x00007FF7F9F8F22C]\nE       \t(No symbol) [0x00007FF7F9FD97F7]\nE       \t(No symbol) [0x00007FF7F9FB672F]\nE       \t(No symbol) [0x00007FF7F9FD65D9]\nE       \t(No symbol) [0x00007FF7F9FB6493]\nE       \t(No symbol) [0x00007FF7F9F809B1]\nE       \t(No symbol) [0x00007FF7F9F81B11]\nE       \tGetHandleVerifier [0x00007FF7FA428C5D+3295277]\nE       \tGetHandleVerifier [0x00007FF7FA474843+3605523]\nE       \tGetHandleVerifier [0x00007FF7FA46A707+3564247]\nE       \tGetHandleVerifier [0x00007FF7FA1C6EB6+797318]\nE       \t(No symbol) [0x00007FF7FA08980F]\nE       \t(No symbol) [0x00007FF7FA0853F4]\nE       \t(No symbol) [0x00007FF7FA085580]\nE       \t(No symbol) [0x00007FF7FA074A1F]\nE       \tBaseThreadInitThunk [0x00007FFAA1D3257D+29]\nE       \tRtlUserThreadStart [0x00007FFAA2F8AF28+40]\n\nvenv\\Lib\\site-packages\\selenium\\webdriver\\support\\wait.py:105: TimeoutException"}, "start": 1725453762701, "stop": 1725453773038, "uuid": "e8ba83df-6b0f-4317-ae73-13e57c8487af", "historyId": "27d6d51e2d30c2a42225fdddd6f22d5a", "testCaseId": "27d6d51e2d30c2a42225fdddd6f22d5a", "fullName": "tests.test_ui.TestUI#test_homepage_ui_elements", "labels": [{"name": "tag", "value": "@pytest.mark.usefixtures('setup')"}, {"name": "parentSuite", "value": "tests"}, {"name": "suite", "value": "test_ui"}, {"name": "subSuite", "value": "TestUI"}, {"name": "host", "value": "MS"}, {"name": "thread", "value": "9564-MainThread"}, {"name": "framework", "value": "pytest"}, {"name": "language", "value": "cpython3"}, {"name": "package", "value": "tests.test_ui"}]}