{"name": "test_search_add_to_cart_checkout", "status": "broken", "statusDetails": {"message": "selenium.common.exceptions.NoSuchElementException: Message: no such element: Unable to locate element: {\"method\":\"css selector\",\"selector\":\"[id=\"add-to-cart-sauce-labs-backpack\"]\"}\n  (Session info: chrome=128.0.6613.114); For documentation on this error, please visit: https://www.selenium.dev/documentation/webdriver/troubleshooting/errors#no-such-element-exception\nStacktrace:\n\tGetHandleVerifier [0x00007FF7CD98B5D2+29090]\n\t(No symbol) [0x00007FF7CD8FE689]\n\t(No symbol) [0x00007FF7CD7BB1CA]\n\t(No symbol) [0x00007FF7CD80EFD7]\n\t(No symbol) [0x00007FF7CD80F22C]\n\t(No symbol) [0x00007FF7CD8597F7]\n\t(No symbol) [0x00007FF7CD83672F]\n\t(No symbol) [0x00007FF7CD8565D9]\n\t(No symbol) [0x00007FF7CD836493]\n\t(No symbol) [0x00007FF7CD8009B1]\n\t(No symbol) [0x00007FF7CD801B11]\n\tGetHandleVerifier [0x00007FF7CDCA8C5D+3295277]\n\tGetHandleVerifier [0x00007FF7CDCF4843+3605523]\n\tGetHandleVerifier [0x00007FF7CDCEA707+3564247]\n\tGetHandleVerifier [0x00007FF7CDA46EB6+797318]\n\t(No symbol) [0x00007FF7CD90980F]\n\t(No symbol) [0x00007FF7CD9053F4]\n\t(No symbol) [0x00007FF7CD905580]\n\t(No symbol) [0x00007FF7CD8F4A1F]\n\tBaseThreadInitThunk [0x00007FFAA1D3257D+29]\n\tRtlUserThreadStart [0x00007FFAA2F8AF28+40]", "trace": "self = <test_functional.TestFunctional object at 0x000001EDFE764440>\n\n    def test_search_add_to_cart_checkout(self):\n        self.driver.get(\"https://www.saucedemo.com/\")  # Using a sample e-commerce site\n        self.driver.find_element(By.ID, \"user-name\").send_keys(\"standard_user\")\n        self.driver.find_element(By.ID, \"password\").send_keys(\"secret_sauce\", Keys.RETURN)\n    \n        self.driver.find_element(By.CLASS_NAME, \"inventory_item_name\").click()\n>       self.driver.find_element(By.ID, \"add-to-cart-sauce-labs-backpack\").click()\n\ntests\\test_functional.py:21: \n_ _ _ _ _ _ _ _ _ _ _ _ _ _ _ _ _ _ _ _ _ _ _ _ _ _ _ _ _ _ _ _ _ _ _ _ _ _ _ _ _ _ _ _ _ _ _ _ _ _ _ _ _ _ _ _ _ _ _ _ _ _ _ _ _ _ _ _ _ _ _ _ _ _ _ _ _ _ _\nvenv\\Lib\\site-packages\\selenium\\webdriver\\remote\\webdriver.py:748: in find_element\n    return self.execute(Command.FIND_ELEMENT, {\"using\": by, \"value\": value})[\"value\"]\nvenv\\Lib\\site-packages\\selenium\\webdriver\\remote\\webdriver.py:354: in execute\n    self.error_handler.check_response(response)\n_ _ _ _ _ _ _ _ _ _ _ _ _ _ _ _ _ _ _ _ _ _ _ _ _ _ _ _ _ _ _ _ _ _ _ _ _ _ _ _ _ _ _ _ _ _ _ _ _ _ _ _ _ _ _ _ _ _ _ _ _ _ _ _ _ _ _ _ _ _ _ _ _ _ _ _ _ _ _\n\nself = <selenium.webdriver.remote.errorhandler.ErrorHandler object at 0x000001EDFE7668A0>\nresponse = {'status': 404, 'value': '{\"value\":{\"error\":\"no such element\",\"message\":\"no such element: Unable to locate element: {\\...07FF7CD8F4A1F]\\\\n\\\\tBaseThreadInitThunk [0x00007FFAA1D3257D+29]\\\\n\\\\tRtlUserThreadStart [0x00007FFAA2F8AF28+40]\\\\n\"}}'}\n\n    def check_response(self, response: Dict[str, Any]) -> None:\n        \"\"\"Checks that a JSON response from the WebDriver does not have an\n        error.\n    \n        :Args:\n         - response - The JSON response from the WebDriver server as a dictionary\n           object.\n    \n        :Raises: If the response contains an error message.\n        \"\"\"\n        status = response.get(\"status\", None)\n        if not status or status == ErrorCode.SUCCESS:\n            return\n        value = None\n        message = response.get(\"message\", \"\")\n        screen: str = response.get(\"screen\", \"\")\n        stacktrace = None\n        if isinstance(status, int):\n            value_json = response.get(\"value\", None)\n            if value_json and isinstance(value_json, str):\n                import json\n    \n                try:\n                    value = json.loads(value_json)\n                    if len(value) == 1:\n                        value = value[\"value\"]\n                    status = value.get(\"error\", None)\n                    if not status:\n                        status = value.get(\"status\", ErrorCode.UNKNOWN_ERROR)\n                        message = value.get(\"value\") or value.get(\"message\")\n                        if not isinstance(message, str):\n                            value = message\n                            message = message.get(\"message\")\n                    else:\n                        message = value.get(\"message\", None)\n                except ValueError:\n                    pass\n    \n        exception_class: Type[WebDriverException]\n        e = ErrorCode()\n        error_codes = [item for item in dir(e) if not item.startswith(\"__\")]\n        for error_code in error_codes:\n            error_info = getattr(ErrorCode, error_code)\n            if isinstance(error_info, list) and status in error_info:\n                exception_class = getattr(ExceptionMapping, error_code, WebDriverException)\n                break\n        else:\n            exception_class = WebDriverException\n    \n        if not value:\n            value = response[\"value\"]\n        if isinstance(value, str):\n            raise exception_class(value)\n        if message == \"\" and \"message\" in value:\n            message = value[\"message\"]\n    \n        screen = None  # type: ignore[assignment]\n        if \"screen\" in value:\n            screen = value[\"screen\"]\n    \n        stacktrace = None\n        st_value = value.get(\"stackTrace\") or value.get(\"stacktrace\")\n        if st_value:\n            if isinstance(st_value, str):\n                stacktrace = st_value.split(\"\\n\")\n            else:\n                stacktrace = []\n                try:\n                    for frame in st_value:\n                        line = frame.get(\"lineNumber\", \"\")\n                        file = frame.get(\"fileName\", \"<anonymous>\")\n                        if line:\n                            file = f\"{file}:{line}\"\n                        meth = frame.get(\"methodName\", \"<anonymous>\")\n                        if \"className\" in frame:\n                            meth = f\"{frame['className']}.{meth}\"\n                        msg = \"    at %s (%s)\"\n                        msg = msg % (meth, file)\n                        stacktrace.append(msg)\n                except TypeError:\n                    pass\n        if exception_class == UnexpectedAlertPresentException:\n            alert_text = None\n            if \"data\" in value:\n                alert_text = value[\"data\"].get(\"text\")\n            elif \"alert\" in value:\n                alert_text = value[\"alert\"].get(\"text\")\n            raise exception_class(message, screen, stacktrace, alert_text)  # type: ignore[call-arg]  # mypy is not smart enough here\n>       raise exception_class(message, screen, stacktrace)\nE       selenium.common.exceptions.NoSuchElementException: Message: no such element: Unable to locate element: {\"method\":\"css selector\",\"selector\":\"[id=\"add-to-cart-sauce-labs-backpack\"]\"}\nE         (Session info: chrome=128.0.6613.114); For documentation on this error, please visit: https://www.selenium.dev/documentation/webdriver/troubleshooting/errors#no-such-element-exception\nE       Stacktrace:\nE       \tGetHandleVerifier [0x00007FF7CD98B5D2+29090]\nE       \t(No symbol) [0x00007FF7CD8FE689]\nE       \t(No symbol) [0x00007FF7CD7BB1CA]\nE       \t(No symbol) [0x00007FF7CD80EFD7]\nE       \t(No symbol) [0x00007FF7CD80F22C]\nE       \t(No symbol) [0x00007FF7CD8597F7]\nE       \t(No symbol) [0x00007FF7CD83672F]\nE       \t(No symbol) [0x00007FF7CD8565D9]\nE       \t(No symbol) [0x00007FF7CD836493]\nE       \t(No symbol) [0x00007FF7CD8009B1]\nE       \t(No symbol) [0x00007FF7CD801B11]\nE       \tGetHandleVerifier [0x00007FF7CDCA8C5D+3295277]\nE       \tGetHandleVerifier [0x00007FF7CDCF4843+3605523]\nE       \tGetHandleVerifier [0x00007FF7CDCEA707+3564247]\nE       \tGetHandleVerifier [0x00007FF7CDA46EB6+797318]\nE       \t(No symbol) [0x00007FF7CD90980F]\nE       \t(No symbol) [0x00007FF7CD9053F4]\nE       \t(No symbol) [0x00007FF7CD905580]\nE       \t(No symbol) [0x00007FF7CD8F4A1F]\nE       \tBaseThreadInitThunk [0x00007FFAA1D3257D+29]\nE       \tRtlUserThreadStart [0x00007FFAA2F8AF28+40]\n\nvenv\\Lib\\site-packages\\selenium\\webdriver\\remote\\errorhandler.py:229: NoSuchElementException"}, "start": 1725442744865, "stop": 1725442745706, "uuid": "4da823fa-2c29-4fea-b1ae-df84d68e9ae9", "historyId": "2e9c9f65f6b0dadeb3d8a7fc8be81450", "testCaseId": "2e9c9f65f6b0dadeb3d8a7fc8be81450", "fullName": "tests.test_functional.TestFunctional#test_search_add_to_cart_checkout", "labels": [{"name": "tag", "value": "@pytest.mark.usefixtures('setup')"}, {"name": "parentSuite", "value": "tests"}, {"name": "suite", "value": "test_functional"}, {"name": "subSuite", "value": "TestFunctional"}, {"name": "host", "value": "MS"}, {"name": "thread", "value": "18920-MainThread"}, {"name": "framework", "value": "pytest"}, {"name": "language", "value": "cpython3"}, {"name": "package", "value": "tests.test_functional"}]}