{"uid":"10d3f9c6bcde6ebb","name":"test_homepage_ui_elements","fullName":"tests.test_ui.TestUI#test_homepage_ui_elements","historyId":"27d6d51e2d30c2a42225fdddd6f22d5a","time":{"start":1725442755039,"stop":1725442765707,"duration":10668},"status":"broken","statusMessage":"selenium.common.exceptions.TimeoutException: Message: \nStacktrace:\n\tGetHandleVerifier [0x00007FF7CD98B5D2+29090]\n\t(No symbol) [0x00007FF7CD8FE689]\n\t(No symbol) [0x00007FF7CD7BB1CA]\n\t(No symbol) [0x00007FF7CD80EFD7]\n\t(No symbol) [0x00007FF7CD80F22C]\n\t(No symbol) [0x00007FF7CD8597F7]\n\t(No symbol) [0x00007FF7CD83672F]\n\t(No symbol) [0x00007FF7CD8565D9]\n\t(No symbol) [0x00007FF7CD836493]\n\t(No symbol) [0x00007FF7CD8009B1]\n\t(No symbol) [0x00007FF7CD801B11]\n\tGetHandleVerifier [0x00007FF7CDCA8C5D+3295277]\n\tGetHandleVerifier [0x00007FF7CDCF4843+3605523]\n\tGetHandleVerifier [0x00007FF7CDCEA707+3564247]\n\tGetHandleVerifier [0x00007FF7CDA46EB6+797318]\n\t(No symbol) [0x00007FF7CD90980F]\n\t(No symbol) [0x00007FF7CD9053F4]\n\t(No symbol) [0x00007FF7CD905580]\n\t(No symbol) [0x00007FF7CD8F4A1F]\n\tBaseThreadInitThunk [0x00007FFAA1D3257D+29]\n\tRtlUserThreadStart [0x00007FFAA2F8AF28+40]","statusTrace":"self = <test_ui.TestUI object at 0x000001EDFE764B90>\n\n    @pytest.mark.usefixtures(\"setup\")\n    def test_homepage_ui_elements(self):\n        self.driver.get(\"https://www.saucedemo.com/\")\n    \n        # Wait for the product to be clickable and then click it\n>       WebDriverWait(self.driver, 10).until(\n            EC.element_to_be_clickable((By.CLASS_NAME, \"inventory_item_name\"))\n        ).click()\n\ntests\\test_ui.py:18: \n_ _ _ _ _ _ _ _ _ _ _ _ _ _ _ _ _ _ _ _ _ _ _ _ _ _ _ _ _ _ _ _ _ _ _ _ _ _ _ _ _ _ _ _ _ _ _ _ _ _ _ _ _ _ _ _ _ _ _ _ _ _ _ _ _ _ _ _ _ _ _ _ _ _ _ _ _ _ _\n\nself = <selenium.webdriver.support.wait.WebDriverWait (session=\"c8fd297622da9bf43b305d8a5130fe5e\")>\nmethod = <function element_to_be_clickable.<locals>._predicate at 0x000001EDFE783740>, message = ''\n\n    def until(self, method: Callable[[D], Union[Literal[False], T]], message: str = \"\") -> T:\n        \"\"\"Calls the method provided with the driver as an argument until the \\\n        return value does not evaluate to ``False``.\n    \n        :param method: callable(WebDriver)\n        :param message: optional message for :exc:`TimeoutException`\n        :returns: the result of the last call to `method`\n        :raises: :exc:`selenium.common.exceptions.TimeoutException` if timeout occurs\n        \"\"\"\n        screen = None\n        stacktrace = None\n    \n        end_time = time.monotonic() + self._timeout\n        while True:\n            try:\n                value = method(self._driver)\n                if value:\n                    return value\n            except self._ignored_exceptions as exc:\n                screen = getattr(exc, \"screen\", None)\n                stacktrace = getattr(exc, \"stacktrace\", None)\n            time.sleep(self._poll)\n            if time.monotonic() > end_time:\n                break\n>       raise TimeoutException(message, screen, stacktrace)\nE       selenium.common.exceptions.TimeoutException: Message: \nE       Stacktrace:\nE       \tGetHandleVerifier [0x00007FF7CD98B5D2+29090]\nE       \t(No symbol) [0x00007FF7CD8FE689]\nE       \t(No symbol) [0x00007FF7CD7BB1CA]\nE       \t(No symbol) [0x00007FF7CD80EFD7]\nE       \t(No symbol) [0x00007FF7CD80F22C]\nE       \t(No symbol) [0x00007FF7CD8597F7]\nE       \t(No symbol) [0x00007FF7CD83672F]\nE       \t(No symbol) [0x00007FF7CD8565D9]\nE       \t(No symbol) [0x00007FF7CD836493]\nE       \t(No symbol) [0x00007FF7CD8009B1]\nE       \t(No symbol) [0x00007FF7CD801B11]\nE       \tGetHandleVerifier [0x00007FF7CDCA8C5D+3295277]\nE       \tGetHandleVerifier [0x00007FF7CDCF4843+3605523]\nE       \tGetHandleVerifier [0x00007FF7CDCEA707+3564247]\nE       \tGetHandleVerifier [0x00007FF7CDA46EB6+797318]\nE       \t(No symbol) [0x00007FF7CD90980F]\nE       \t(No symbol) [0x00007FF7CD9053F4]\nE       \t(No symbol) [0x00007FF7CD905580]\nE       \t(No symbol) [0x00007FF7CD8F4A1F]\nE       \tBaseThreadInitThunk [0x00007FFAA1D3257D+29]\nE       \tRtlUserThreadStart [0x00007FFAA2F8AF28+40]\n\nvenv\\Lib\\site-packages\\selenium\\webdriver\\support\\wait.py:105: TimeoutException","flaky":false,"newFailed":false,"newBroken":false,"newPassed":false,"retriesCount":0,"retriesStatusChange":false,"beforeStages":[{"name":"setup","time":{"start":1725442753354,"stop":1725442755039,"duration":1685},"status":"passed","steps":[],"attachments":[],"parameters":[],"stepsCount":0,"hasContent":false,"attachmentStep":false,"shouldDisplayMessage":false,"attachmentsCount":0}],"afterStages":[{"name":"setup::0","time":{"start":1725442765713,"stop":1725442767944,"duration":2231},"status":"passed","steps":[],"attachments":[],"parameters":[],"stepsCount":0,"hasContent":false,"attachmentStep":false,"shouldDisplayMessage":false,"attachmentsCount":0}],"labels":[{"name":"tag","value":"@pytest.mark.usefixtures('setup')"},{"name":"parentSuite","value":"tests"},{"name":"suite","value":"test_ui"},{"name":"subSuite","value":"TestUI"},{"name":"host","value":"MS"},{"name":"thread","value":"18920-MainThread"},{"name":"framework","value":"pytest"},{"name":"language","value":"cpython3"},{"name":"package","value":"tests.test_ui"},{"name":"resultFormat","value":"allure2"}],"parameters":[],"links":[],"hidden":true,"retry":true,"extra":{"categories":[],"tags":["@pytest.mark.usefixtures('setup')"]},"source":"10d3f9c6bcde6ebb.json","parameterValues":[]}