{"uid":"6e301bb3ee10884","name":"test_search_add_to_cart_checkout","fullName":"tests.test_functional.TestFunctional#test_search_add_to_cart_checkout","historyId":"2e9c9f65f6b0dadeb3d8a7fc8be81450","time":{"start":1725451571056,"stop":1725451582518,"duration":11462},"status":"broken","statusMessage":"selenium.common.exceptions.TimeoutException: Message: \nStacktrace:\n\tGetHandleVerifier [0x00007FF7FA10B5D2+29090]\n\t(No symbol) [0x00007FF7FA07E689]\n\t(No symbol) [0x00007FF7F9F3B1CA]\n\t(No symbol) [0x00007FF7F9F8EFD7]\n\t(No symbol) [0x00007FF7F9F8F22C]\n\t(No symbol) [0x00007FF7F9FD97F7]\n\t(No symbol) [0x00007FF7F9FB672F]\n\t(No symbol) [0x00007FF7F9FD65D9]\n\t(No symbol) [0x00007FF7F9FB6493]\n\t(No symbol) [0x00007FF7F9F809B1]\n\t(No symbol) [0x00007FF7F9F81B11]\n\tGetHandleVerifier [0x00007FF7FA428C5D+3295277]\n\tGetHandleVerifier [0x00007FF7FA474843+3605523]\n\tGetHandleVerifier [0x00007FF7FA46A707+3564247]\n\tGetHandleVerifier [0x00007FF7FA1C6EB6+797318]\n\t(No symbol) [0x00007FF7FA08980F]\n\t(No symbol) [0x00007FF7FA0853F4]\n\t(No symbol) [0x00007FF7FA085580]\n\t(No symbol) [0x00007FF7FA074A1F]\n\tBaseThreadInitThunk [0x00007FFAA1D3257D+29]\n\tRtlUserThreadStart [0x00007FFAA2F8AF28+40]","statusTrace":"self = <test_functional.TestFunctional object at 0x000002497C9DC200>\n\n    def test_search_add_to_cart_checkout(self):\n        self.driver.get(\"https://www.saucedemo.com/\")\n    \n        # Login\n        self.driver.find_element(By.ID, \"user-name\").send_keys(\"standard_user\")\n        self.driver.find_element(By.ID, \"password\").send_keys(\"secret_sauce\", Keys.RETURN)\n    \n        # Adding item to cart\n        WebDriverWait(self.driver, 10).until(\n            EC.element_to_be_clickable((By.CLASS_NAME, \"inventory_item_name\"))\n        ).click()\n    \n        WebDriverWait(self.driver, 10).until(\n            EC.element_to_be_clickable((By.ID, \"add-to-cart\"))\n        ).click()\n    \n        # Go to cart\n        self.driver.find_element(By.CLASS_NAME, \"shopping_cart_link\").click()\n    \n        # Verify the product is added to the cart\n        product_name = self.driver.find_element(By.CLASS_NAME, \"inventory_item_name\").text\n        assert product_name == \"Sauce Labs Backpack\", f\"Expected 'Sauce Labs Backpack' but got '{product_name}'\"\n    \n        # Proceed to checkout\n        self.driver.find_element(By.ID, \"checkout\").click()\n>       WebDriverWait(self.driver, 10).until(\n            EC.element_to_be_clickable((By.ID, \"checkout\"))\n        ).click()\n\ntests\\test_functional.py:39: \n_ _ _ _ _ _ _ _ _ _ _ _ _ _ _ _ _ _ _ _ _ _ _ _ _ _ _ _ _ _ _ _ _ _ _ _ _ _ _ _ _ _ _ _ _ _ _ _ _ _ _ _ _ _ _ _ _ _ _ _ _ _ _ _ _ _ _ _ _ _ _ _ _ _ _ _ _ _ _\n\nself = <selenium.webdriver.support.wait.WebDriverWait (session=\"76104af64b50d0b0ba18bcdd8510498c\")>\nmethod = <function element_to_be_clickable.<locals>._predicate at 0x000002497C9F0E00>, message = ''\n\n    def until(self, method: Callable[[D], Union[Literal[False], T]], message: str = \"\") -> T:\n        \"\"\"Calls the method provided with the driver as an argument until the \\\n        return value does not evaluate to ``False``.\n    \n        :param method: callable(WebDriver)\n        :param message: optional message for :exc:`TimeoutException`\n        :returns: the result of the last call to `method`\n        :raises: :exc:`selenium.common.exceptions.TimeoutException` if timeout occurs\n        \"\"\"\n        screen = None\n        stacktrace = None\n    \n        end_time = time.monotonic() + self._timeout\n        while True:\n            try:\n                value = method(self._driver)\n                if value:\n                    return value\n            except self._ignored_exceptions as exc:\n                screen = getattr(exc, \"screen\", None)\n                stacktrace = getattr(exc, \"stacktrace\", None)\n            time.sleep(self._poll)\n            if time.monotonic() > end_time:\n                break\n>       raise TimeoutException(message, screen, stacktrace)\nE       selenium.common.exceptions.TimeoutException: Message: \nE       Stacktrace:\nE       \tGetHandleVerifier [0x00007FF7FA10B5D2+29090]\nE       \t(No symbol) [0x00007FF7FA07E689]\nE       \t(No symbol) [0x00007FF7F9F3B1CA]\nE       \t(No symbol) [0x00007FF7F9F8EFD7]\nE       \t(No symbol) [0x00007FF7F9F8F22C]\nE       \t(No symbol) [0x00007FF7F9FD97F7]\nE       \t(No symbol) [0x00007FF7F9FB672F]\nE       \t(No symbol) [0x00007FF7F9FD65D9]\nE       \t(No symbol) [0x00007FF7F9FB6493]\nE       \t(No symbol) [0x00007FF7F9F809B1]\nE       \t(No symbol) [0x00007FF7F9F81B11]\nE       \tGetHandleVerifier [0x00007FF7FA428C5D+3295277]\nE       \tGetHandleVerifier [0x00007FF7FA474843+3605523]\nE       \tGetHandleVerifier [0x00007FF7FA46A707+3564247]\nE       \tGetHandleVerifier [0x00007FF7FA1C6EB6+797318]\nE       \t(No symbol) [0x00007FF7FA08980F]\nE       \t(No symbol) [0x00007FF7FA0853F4]\nE       \t(No symbol) [0x00007FF7FA085580]\nE       \t(No symbol) [0x00007FF7FA074A1F]\nE       \tBaseThreadInitThunk [0x00007FFAA1D3257D+29]\nE       \tRtlUserThreadStart [0x00007FFAA2F8AF28+40]\n\nvenv\\Lib\\site-packages\\selenium\\webdriver\\support\\wait.py:105: TimeoutException","flaky":false,"newFailed":false,"newBroken":false,"newPassed":false,"retriesCount":0,"retriesStatusChange":false,"beforeStages":[{"name":"setup","time":{"start":1725451569423,"stop":1725451571055,"duration":1632},"status":"passed","steps":[],"attachments":[],"parameters":[],"stepsCount":0,"hasContent":false,"attachmentStep":false,"shouldDisplayMessage":false,"attachmentsCount":0}],"afterStages":[{"name":"setup::0","time":{"start":1725451582638,"stop":1725451584840,"duration":2202},"status":"passed","steps":[],"attachments":[],"parameters":[],"stepsCount":0,"hasContent":false,"attachmentStep":false,"shouldDisplayMessage":false,"attachmentsCount":0}],"labels":[{"name":"tag","value":"@pytest.mark.usefixtures('setup')"},{"name":"parentSuite","value":"tests"},{"name":"suite","value":"test_functional"},{"name":"subSuite","value":"TestFunctional"},{"name":"host","value":"MS"},{"name":"thread","value":"24492-MainThread"},{"name":"framework","value":"pytest"},{"name":"language","value":"cpython3"},{"name":"package","value":"tests.test_functional"},{"name":"resultFormat","value":"allure2"}],"parameters":[],"links":[],"hidden":true,"retry":true,"extra":{"categories":[],"tags":["@pytest.mark.usefixtures('setup')"]},"source":"6e301bb3ee10884.json","parameterValues":[]}