{"uid":"e19e86e972d4bfdd","name":"test_search_add_to_cart_checkout","fullName":"tests.test_functional.TestFunctional#test_search_add_to_cart_checkout","historyId":"2e9c9f65f6b0dadeb3d8a7fc8be81450","time":{"start":1725443741762,"stop":1725443752938,"duration":11176},"status":"broken","statusMessage":"selenium.common.exceptions.TimeoutException: Message: \nStacktrace:\n\tGetHandleVerifier [0x00007FF7CD98B5D2+29090]\n\t(No symbol) [0x00007FF7CD8FE689]\n\t(No symbol) [0x00007FF7CD7BB1CA]\n\t(No symbol) [0x00007FF7CD80EFD7]\n\t(No symbol) [0x00007FF7CD80F22C]\n\t(No symbol) [0x00007FF7CD8597F7]\n\t(No symbol) [0x00007FF7CD83672F]\n\t(No symbol) [0x00007FF7CD8565D9]\n\t(No symbol) [0x00007FF7CD836493]\n\t(No symbol) [0x00007FF7CD8009B1]\n\t(No symbol) [0x00007FF7CD801B11]\n\tGetHandleVerifier [0x00007FF7CDCA8C5D+3295277]\n\tGetHandleVerifier [0x00007FF7CDCF4843+3605523]\n\tGetHandleVerifier [0x00007FF7CDCEA707+3564247]\n\tGetHandleVerifier [0x00007FF7CDA46EB6+797318]\n\t(No symbol) [0x00007FF7CD90980F]\n\t(No symbol) [0x00007FF7CD9053F4]\n\t(No symbol) [0x00007FF7CD905580]\n\t(No symbol) [0x00007FF7CD8F4A1F]\n\tBaseThreadInitThunk [0x00007FFAA1D3257D+29]\n\tRtlUserThreadStart [0x00007FFAA2F8AF28+40]","statusTrace":"self = <test_functional.TestFunctional object at 0x000001786773C290>\n\n    def test_search_add_to_cart_checkout(self):\n        self.driver.get(\"https://www.saucedemo.com/\")\n    \n        # Log in\n        self.driver.find_element(By.ID, \"user-name\").send_keys(\"standard_user\")\n        self.driver.find_element(By.ID, \"password\").send_keys(\"secret_sauce\", Keys.RETURN)\n    \n        # Add item to cart\n        WebDriverWait(self.driver, 10).until(\n            EC.element_to_be_clickable((By.CLASS_NAME, \"inventory_item_name\"))\n        ).click()\n    \n>       WebDriverWait(self.driver, 10).until(\n            EC.element_to_be_clickable((By.ID, \"add-to-cart-sauce-labs-backpack\"))\n        ).click()\n\ntests\\test_functional.py:26: \n_ _ _ _ _ _ _ _ _ _ _ _ _ _ _ _ _ _ _ _ _ _ _ _ _ _ _ _ _ _ _ _ _ _ _ _ _ _ _ _ _ _ _ _ _ _ _ _ _ _ _ _ _ _ _ _ _ _ _ _ _ _ _ _ _ _ _ _ _ _ _ _ _ _ _ _ _ _ _\n\nself = <selenium.webdriver.support.wait.WebDriverWait (session=\"801ec3e6cc57ce28a154bbed1028178b\")>\nmethod = <function element_to_be_clickable.<locals>._predicate at 0x0000017867750EA0>, message = ''\n\n    def until(self, method: Callable[[D], Union[Literal[False], T]], message: str = \"\") -> T:\n        \"\"\"Calls the method provided with the driver as an argument until the \\\n        return value does not evaluate to ``False``.\n    \n        :param method: callable(WebDriver)\n        :param message: optional message for :exc:`TimeoutException`\n        :returns: the result of the last call to `method`\n        :raises: :exc:`selenium.common.exceptions.TimeoutException` if timeout occurs\n        \"\"\"\n        screen = None\n        stacktrace = None\n    \n        end_time = time.monotonic() + self._timeout\n        while True:\n            try:\n                value = method(self._driver)\n                if value:\n                    return value\n            except self._ignored_exceptions as exc:\n                screen = getattr(exc, \"screen\", None)\n                stacktrace = getattr(exc, \"stacktrace\", None)\n            time.sleep(self._poll)\n            if time.monotonic() > end_time:\n                break\n>       raise TimeoutException(message, screen, stacktrace)\nE       selenium.common.exceptions.TimeoutException: Message: \nE       Stacktrace:\nE       \tGetHandleVerifier [0x00007FF7CD98B5D2+29090]\nE       \t(No symbol) [0x00007FF7CD8FE689]\nE       \t(No symbol) [0x00007FF7CD7BB1CA]\nE       \t(No symbol) [0x00007FF7CD80EFD7]\nE       \t(No symbol) [0x00007FF7CD80F22C]\nE       \t(No symbol) [0x00007FF7CD8597F7]\nE       \t(No symbol) [0x00007FF7CD83672F]\nE       \t(No symbol) [0x00007FF7CD8565D9]\nE       \t(No symbol) [0x00007FF7CD836493]\nE       \t(No symbol) [0x00007FF7CD8009B1]\nE       \t(No symbol) [0x00007FF7CD801B11]\nE       \tGetHandleVerifier [0x00007FF7CDCA8C5D+3295277]\nE       \tGetHandleVerifier [0x00007FF7CDCF4843+3605523]\nE       \tGetHandleVerifier [0x00007FF7CDCEA707+3564247]\nE       \tGetHandleVerifier [0x00007FF7CDA46EB6+797318]\nE       \t(No symbol) [0x00007FF7CD90980F]\nE       \t(No symbol) [0x00007FF7CD9053F4]\nE       \t(No symbol) [0x00007FF7CD905580]\nE       \t(No symbol) [0x00007FF7CD8F4A1F]\nE       \tBaseThreadInitThunk [0x00007FFAA1D3257D+29]\nE       \tRtlUserThreadStart [0x00007FFAA2F8AF28+40]\n\nvenv\\Lib\\site-packages\\selenium\\webdriver\\support\\wait.py:105: TimeoutException","flaky":false,"newFailed":false,"newBroken":false,"newPassed":false,"retriesCount":0,"retriesStatusChange":false,"beforeStages":[{"name":"setup","time":{"start":1725443740087,"stop":1725443741762,"duration":1675},"status":"passed","steps":[],"attachments":[],"parameters":[],"stepsCount":0,"hasContent":false,"attachmentStep":false,"shouldDisplayMessage":false,"attachmentsCount":0}],"afterStages":[{"name":"setup::0","time":{"start":1725443753068,"stop":1725443755282,"duration":2214},"status":"passed","steps":[],"attachments":[],"parameters":[],"stepsCount":0,"hasContent":false,"attachmentStep":false,"shouldDisplayMessage":false,"attachmentsCount":0}],"labels":[{"name":"tag","value":"@pytest.mark.usefixtures('setup')"},{"name":"parentSuite","value":"tests"},{"name":"suite","value":"test_functional"},{"name":"subSuite","value":"TestFunctional"},{"name":"host","value":"MS"},{"name":"thread","value":"4284-MainThread"},{"name":"framework","value":"pytest"},{"name":"language","value":"cpython3"},{"name":"package","value":"tests.test_functional"},{"name":"resultFormat","value":"allure2"}],"parameters":[],"links":[],"hidden":true,"retry":true,"extra":{"categories":[],"tags":["@pytest.mark.usefixtures('setup')"]},"source":"e19e86e972d4bfdd.json","parameterValues":[]}