{"uid":"fae86fb02f3dc966","name":"test_search_add_to_cart_checkout","fullName":"tests.test_functional.TestFunctional#test_search_add_to_cart_checkout","historyId":"2e9c9f65f6b0dadeb3d8a7fc8be81450","time":{"start":1725469588807,"stop":1725469590277,"duration":1470},"status":"passed","flaky":false,"newFailed":false,"newBroken":false,"newPassed":false,"retriesCount":21,"retriesStatusChange":true,"beforeStages":[{"name":"setup","time":{"start":1725469587040,"stop":1725469588807,"duration":1767},"status":"passed","steps":[],"attachments":[],"parameters":[],"stepsCount":0,"hasContent":false,"attachmentStep":false,"shouldDisplayMessage":false,"attachmentsCount":0}],"afterStages":[{"name":"setup::0","time":{"start":1725469590277,"stop":1725469592511,"duration":2234},"status":"passed","steps":[],"attachments":[],"parameters":[],"stepsCount":0,"hasContent":false,"attachmentStep":false,"shouldDisplayMessage":false,"attachmentsCount":0}],"labels":[{"name":"tag","value":"@pytest.mark.usefixtures('setup')"},{"name":"parentSuite","value":"tests"},{"name":"suite","value":"test_functional"},{"name":"subSuite","value":"TestFunctional"},{"name":"host","value":"MS"},{"name":"thread","value":"16880-MainThread"},{"name":"framework","value":"pytest"},{"name":"language","value":"cpython3"},{"name":"package","value":"tests.test_functional"},{"name":"resultFormat","value":"allure2"}],"parameters":[],"links":[],"hidden":false,"retry":false,"extra":{"severity":"normal","retries":[{"uid":"b13486f7441328fc","status":"passed","time":{"start":1725467900966,"stop":1725467902647,"duration":1681}},{"uid":"48f313d99a9f5240","status":"passed","time":{"start":1725467493363,"stop":1725467494748,"duration":1385}},{"uid":"ed6fbbb442376b07","status":"passed","time":{"start":1725467298322,"stop":1725467299797,"duration":1475}},{"uid":"600291f8e778c8a0","status":"passed","time":{"start":1725466833376,"stop":1725466835005,"duration":1629}},{"uid":"a2e33d8ee9b082a3","status":"passed","time":{"start":1725466703302,"stop":1725466704844,"duration":1542}},{"uid":"ecbc61bc01d71d62","status":"passed","time":{"start":1725466563905,"stop":1725466565490,"duration":1585}},{"uid":"60a8362f6cd0eade","status":"passed","time":{"start":1725466189644,"stop":1725466191277,"duration":1633}},{"uid":"456f832c8c967ae9","status":"passed","time":{"start":1725453999634,"stop":1725454001121,"duration":1487}},{"uid":"c75eb53570d297fc","status":"passed","time":{"start":1725453947526,"stop":1725453949033,"duration":1507}},{"uid":"ee84b946fba770b0","status":"passed","time":{"start":1725453751527,"stop":1725453753150,"duration":1623}},{"uid":"c639bbe4d50979c2","status":"passed","time":{"start":1725453595941,"stop":1725453597507,"duration":1566}},{"uid":"b5f07747d92c345c","status":"broken","statusDetails":"selenium.common.exceptions.TimeoutException: Message: \nStacktrace:\n\tGetHandleVerifier [0x00007FF7FA10B5D2+29090]\n\t(No symbol) [0x00007FF7FA07E689]\n\t(No symbol) [0x00007FF7F9F3B1CA]\n\t(No symbol) [0x00007FF7F9F8EFD7]\n\t(No symbol) [0x00007FF7F9F8F22C]\n\t(No symbol) [0x00007FF7F9FD97F7]\n\t(No symbol) [0x00007FF7F9FB672F]\n\t(No symbol) [0x00007FF7F9FD65D9]\n\t(No symbol) [0x00007FF7F9FB6493]\n\t(No symbol) [0x00007FF7F9F809B1]\n\t(No symbol) [0x00007FF7F9F81B11]\n\tGetHandleVerifier [0x00007FF7FA428C5D+3295277]\n\tGetHandleVerifier [0x00007FF7FA474843+3605523]\n\tGetHandleVerifier [0x00007FF7FA46A707+3564247]\n\tGetHandleVerifier [0x00007FF7FA1C6EB6+797318]\n\t(No symbol) [0x00007FF7FA08980F]\n\t(No symbol) [0x00007FF7FA0853F4]\n\t(No symbol) [0x00007FF7FA085580]\n\t(No symbol) [0x00007FF7FA074A1F]\n\tBaseThreadInitThunk [0x00007FFAA1D3257D+29]\n\tRtlUserThreadStart [0x00007FFAA2F8AF28+40]","time":{"start":1725453454409,"stop":1725453465545,"duration":11136}},{"uid":"10bdd926f9eafc92","status":"broken","statusDetails":"selenium.common.exceptions.TimeoutException: Message: \nStacktrace:\n\tGetHandleVerifier [0x00007FF7FA10B5D2+29090]\n\t(No symbol) [0x00007FF7FA07E689]\n\t(No symbol) [0x00007FF7F9F3B1CA]\n\t(No symbol) [0x00007FF7F9F8EFD7]\n\t(No symbol) [0x00007FF7F9F8F22C]\n\t(No symbol) [0x00007FF7F9FD97F7]\n\t(No symbol) [0x00007FF7F9FB672F]\n\t(No symbol) [0x00007FF7F9FD65D9]\n\t(No symbol) [0x00007FF7F9FB6493]\n\t(No symbol) [0x00007FF7F9F809B1]\n\t(No symbol) [0x00007FF7F9F81B11]\n\tGetHandleVerifier [0x00007FF7FA428C5D+3295277]\n\tGetHandleVerifier [0x00007FF7FA474843+3605523]\n\tGetHandleVerifier [0x00007FF7FA46A707+3564247]\n\tGetHandleVerifier [0x00007FF7FA1C6EB6+797318]\n\t(No symbol) [0x00007FF7FA08980F]\n\t(No symbol) [0x00007FF7FA0853F4]\n\t(No symbol) [0x00007FF7FA085580]\n\t(No symbol) [0x00007FF7FA074A1F]\n\tBaseThreadInitThunk [0x00007FFAA1D3257D+29]\n\tRtlUserThreadStart [0x00007FFAA2F8AF28+40]","time":{"start":1725453381187,"stop":1725453392874,"duration":11687}},{"uid":"6e301bb3ee10884","status":"broken","statusDetails":"selenium.common.exceptions.TimeoutException: Message: \nStacktrace:\n\tGetHandleVerifier [0x00007FF7FA10B5D2+29090]\n\t(No symbol) [0x00007FF7FA07E689]\n\t(No symbol) [0x00007FF7F9F3B1CA]\n\t(No symbol) [0x00007FF7F9F8EFD7]\n\t(No symbol) [0x00007FF7F9F8F22C]\n\t(No symbol) [0x00007FF7F9FD97F7]\n\t(No symbol) [0x00007FF7F9FB672F]\n\t(No symbol) [0x00007FF7F9FD65D9]\n\t(No symbol) [0x00007FF7F9FB6493]\n\t(No symbol) [0x00007FF7F9F809B1]\n\t(No symbol) [0x00007FF7F9F81B11]\n\tGetHandleVerifier [0x00007FF7FA428C5D+3295277]\n\tGetHandleVerifier [0x00007FF7FA474843+3605523]\n\tGetHandleVerifier [0x00007FF7FA46A707+3564247]\n\tGetHandleVerifier [0x00007FF7FA1C6EB6+797318]\n\t(No symbol) [0x00007FF7FA08980F]\n\t(No symbol) [0x00007FF7FA0853F4]\n\t(No symbol) [0x00007FF7FA085580]\n\t(No symbol) [0x00007FF7FA074A1F]\n\tBaseThreadInitThunk [0x00007FFAA1D3257D+29]\n\tRtlUserThreadStart [0x00007FFAA2F8AF28+40]","time":{"start":1725451571056,"stop":1725451582518,"duration":11462}},{"uid":"97de9c613f78d95d","status":"broken","statusDetails":"selenium.common.exceptions.TimeoutException: Message: \nStacktrace:\n\tGetHandleVerifier [0x00007FF7FA10B5D2+29090]\n\t(No symbol) [0x00007FF7FA07E689]\n\t(No symbol) [0x00007FF7F9F3B1CA]\n\t(No symbol) [0x00007FF7F9F8EFD7]\n\t(No symbol) [0x00007FF7F9F8F22C]\n\t(No symbol) [0x00007FF7F9FD97F7]\n\t(No symbol) [0x00007FF7F9FB672F]\n\t(No symbol) [0x00007FF7F9FD65D9]\n\t(No symbol) [0x00007FF7F9FB6493]\n\t(No symbol) [0x00007FF7F9F809B1]\n\t(No symbol) [0x00007FF7F9F81B11]\n\tGetHandleVerifier [0x00007FF7FA428C5D+3295277]\n\tGetHandleVerifier [0x00007FF7FA474843+3605523]\n\tGetHandleVerifier [0x00007FF7FA46A707+3564247]\n\tGetHandleVerifier [0x00007FF7FA1C6EB6+797318]\n\t(No symbol) [0x00007FF7FA08980F]\n\t(No symbol) [0x00007FF7FA0853F4]\n\t(No symbol) [0x00007FF7FA085580]\n\t(No symbol) [0x00007FF7FA074A1F]\n\tBaseThreadInitThunk [0x00007FFAA1D3257D+29]\n\tRtlUserThreadStart [0x00007FFAA2F8AF28+40]","time":{"start":1725451356446,"stop":1725451367582,"duration":11136}},{"uid":"e19e86e972d4bfdd","status":"broken","statusDetails":"selenium.common.exceptions.TimeoutException: Message: \nStacktrace:\n\tGetHandleVerifier [0x00007FF7CD98B5D2+29090]\n\t(No symbol) [0x00007FF7CD8FE689]\n\t(No symbol) [0x00007FF7CD7BB1CA]\n\t(No symbol) [0x00007FF7CD80EFD7]\n\t(No symbol) [0x00007FF7CD80F22C]\n\t(No symbol) [0x00007FF7CD8597F7]\n\t(No symbol) [0x00007FF7CD83672F]\n\t(No symbol) [0x00007FF7CD8565D9]\n\t(No symbol) [0x00007FF7CD836493]\n\t(No symbol) [0x00007FF7CD8009B1]\n\t(No symbol) [0x00007FF7CD801B11]\n\tGetHandleVerifier [0x00007FF7CDCA8C5D+3295277]\n\tGetHandleVerifier [0x00007FF7CDCF4843+3605523]\n\tGetHandleVerifier [0x00007FF7CDCEA707+3564247]\n\tGetHandleVerifier [0x00007FF7CDA46EB6+797318]\n\t(No symbol) [0x00007FF7CD90980F]\n\t(No symbol) [0x00007FF7CD9053F4]\n\t(No symbol) [0x00007FF7CD905580]\n\t(No symbol) [0x00007FF7CD8F4A1F]\n\tBaseThreadInitThunk [0x00007FFAA1D3257D+29]\n\tRtlUserThreadStart [0x00007FFAA2F8AF28+40]","time":{"start":1725443741762,"stop":1725443752938,"duration":11176}},{"uid":"a88213ce5c9db434","status":"broken","statusDetails":"selenium.common.exceptions.NoSuchElementException: Message: no such element: Unable to locate element: {\"method\":\"css selector\",\"selector\":\"[id=\"add-to-cart-sauce-labs-backpack\"]\"}\n  (Session info: chrome=128.0.6613.114); For documentation on this error, please visit: https://www.selenium.dev/documentation/webdriver/troubleshooting/errors#no-such-element-exception\nStacktrace:\n\tGetHandleVerifier [0x00007FF7CD98B5D2+29090]\n\t(No symbol) [0x00007FF7CD8FE689]\n\t(No symbol) [0x00007FF7CD7BB1CA]\n\t(No symbol) [0x00007FF7CD80EFD7]\n\t(No symbol) [0x00007FF7CD80F22C]\n\t(No symbol) [0x00007FF7CD8597F7]\n\t(No symbol) [0x00007FF7CD83672F]\n\t(No symbol) [0x00007FF7CD8565D9]\n\t(No symbol) [0x00007FF7CD836493]\n\t(No symbol) [0x00007FF7CD8009B1]\n\t(No symbol) [0x00007FF7CD801B11]\n\tGetHandleVerifier [0x00007FF7CDCA8C5D+3295277]\n\tGetHandleVerifier [0x00007FF7CDCF4843+3605523]\n\tGetHandleVerifier [0x00007FF7CDCEA707+3564247]\n\tGetHandleVerifier [0x00007FF7CDA46EB6+797318]\n\t(No symbol) [0x00007FF7CD90980F]\n\t(No symbol) [0x00007FF7CD9053F4]\n\t(No symbol) [0x00007FF7CD905580]\n\t(No symbol) [0x00007FF7CD8F4A1F]\n\tBaseThreadInitThunk [0x00007FFAA1D3257D+29]\n\tRtlUserThreadStart [0x00007FFAA2F8AF28+40]","time":{"start":1725443600960,"stop":1725443601872,"duration":912}},{"uid":"7ccc8c8e4ecde99","status":"broken","statusDetails":"selenium.common.exceptions.NoSuchElementException: Message: no such element: Unable to locate element: {\"method\":\"css selector\",\"selector\":\"[id=\"add-to-cart-sauce-labs-backpack\"]\"}\n  (Session info: chrome=128.0.6613.114); For documentation on this error, please visit: https://www.selenium.dev/documentation/webdriver/troubleshooting/errors#no-such-element-exception\nStacktrace:\n\tGetHandleVerifier [0x00007FF7CD98B5D2+29090]\n\t(No symbol) [0x00007FF7CD8FE689]\n\t(No symbol) [0x00007FF7CD7BB1CA]\n\t(No symbol) [0x00007FF7CD80EFD7]\n\t(No symbol) [0x00007FF7CD80F22C]\n\t(No symbol) [0x00007FF7CD8597F7]\n\t(No symbol) [0x00007FF7CD83672F]\n\t(No symbol) [0x00007FF7CD8565D9]\n\t(No symbol) [0x00007FF7CD836493]\n\t(No symbol) [0x00007FF7CD8009B1]\n\t(No symbol) [0x00007FF7CD801B11]\n\tGetHandleVerifier [0x00007FF7CDCA8C5D+3295277]\n\tGetHandleVerifier [0x00007FF7CDCF4843+3605523]\n\tGetHandleVerifier [0x00007FF7CDCEA707+3564247]\n\tGetHandleVerifier [0x00007FF7CDA46EB6+797318]\n\t(No symbol) [0x00007FF7CD90980F]\n\t(No symbol) [0x00007FF7CD9053F4]\n\t(No symbol) [0x00007FF7CD905580]\n\t(No symbol) [0x00007FF7CD8F4A1F]\n\tBaseThreadInitThunk [0x00007FFAA1D3257D+29]\n\tRtlUserThreadStart [0x00007FFAA2F8AF28+40]","time":{"start":1725442744865,"stop":1725442745706,"duration":841}},{"uid":"41d3e733127e055e","status":"broken","statusDetails":"selenium.common.exceptions.NoSuchElementException: Message: no such element: Unable to locate element: {\"method\":\"css selector\",\"selector\":\"[id=\"add-to-cart-sauce-labs-backpack\"]\"}\n  (Session info: chrome=128.0.6613.114); For documentation on this error, please visit: https://www.selenium.dev/documentation/webdriver/troubleshooting/errors#no-such-element-exception\nStacktrace:\n\tGetHandleVerifier [0x00007FF7CD98B5D2+29090]\n\t(No symbol) [0x00007FF7CD8FE689]\n\t(No symbol) [0x00007FF7CD7BB1CA]\n\t(No symbol) [0x00007FF7CD80EFD7]\n\t(No symbol) [0x00007FF7CD80F22C]\n\t(No symbol) [0x00007FF7CD8597F7]\n\t(No symbol) [0x00007FF7CD83672F]\n\t(No symbol) [0x00007FF7CD8565D9]\n\t(No symbol) [0x00007FF7CD836493]\n\t(No symbol) [0x00007FF7CD8009B1]\n\t(No symbol) [0x00007FF7CD801B11]\n\tGetHandleVerifier [0x00007FF7CDCA8C5D+3295277]\n\tGetHandleVerifier [0x00007FF7CDCF4843+3605523]\n\tGetHandleVerifier [0x00007FF7CDCEA707+3564247]\n\tGetHandleVerifier [0x00007FF7CDA46EB6+797318]\n\t(No symbol) [0x00007FF7CD90980F]\n\t(No symbol) [0x00007FF7CD9053F4]\n\t(No symbol) [0x00007FF7CD905580]\n\t(No symbol) [0x00007FF7CD8F4A1F]\n\tBaseThreadInitThunk [0x00007FFAA1D3257D+29]\n\tRtlUserThreadStart [0x00007FFAA2F8AF28+40]","time":{"start":1725442396772,"stop":1725442397713,"duration":941}},{"uid":"4da61e51563f6f72","status":"broken","statusDetails":"AttributeError: 'TestFunctional' object has no attribute 'driver'","time":{"start":1725442287088,"stop":1725442287088,"duration":0}},{"uid":"39682549d64bbefe","status":"broken","statusDetails":"AttributeError: 'TestFunctional' object has no attribute 'driver'","time":{"start":1725442043917,"stop":1725442043917,"duration":0}}],"categories":[],"tags":["@pytest.mark.usefixtures('setup')"]},"source":"fae86fb02f3dc966.json","parameterValues":[]}